Using pre-set license
Built from '2021.3/staging' branch; Version is '2021.3.0f1 (6eacc8284459) revision 7253192'; Using compiler version '192829333'; Build Type 'Release'
OS: 'Windows 10  (10.0.19043) 64bit Professional' Language: 'en' Physical Memory: 16291 MB
BatchMode: 1, IsHumanControllingUs: 0, StartBugReporterOnCrash: 0, Is64bit: 1, IsPro: 1

COMMAND LINE ARGUMENTS:
C:\Program Files\Unity\Hub\Editor\2021.3.0f1\Editor\Unity.exe
-adb2
-batchMode
-noUpm
-name
AssetImportWorker2
-projectPath
D:/UnityProject/PG_1
-logFile
Logs/AssetImportWorker2.log
-srvPort
54534
Successfully changed project path to: D:/UnityProject/PG_1
D:/UnityProject/PG_1
[UnityMemory] Configuration Parameters - Can be set up in boot.config
    "memorysetup-bucket-allocator-granularity=16"
    "memorysetup-bucket-allocator-bucket-count=8"
    "memorysetup-bucket-allocator-block-size=33554432"
    "memorysetup-bucket-allocator-block-count=8"
    "memorysetup-main-allocator-block-size=16777216"
    "memorysetup-thread-allocator-block-size=16777216"
    "memorysetup-gfx-main-allocator-block-size=16777216"
    "memorysetup-gfx-thread-allocator-block-size=16777216"
    "memorysetup-cache-allocator-block-size=4194304"
    "memorysetup-typetree-allocator-block-size=2097152"
    "memorysetup-profiler-bucket-allocator-granularity=16"
    "memorysetup-profiler-bucket-allocator-bucket-count=8"
    "memorysetup-profiler-bucket-allocator-block-size=33554432"
    "memorysetup-profiler-bucket-allocator-block-count=8"
    "memorysetup-profiler-allocator-block-size=16777216"
    "memorysetup-profiler-editor-allocator-block-size=1048576"
    "memorysetup-temp-allocator-size-main=16777216"
    "memorysetup-job-temp-allocator-block-size=2097152"
    "memorysetup-job-temp-allocator-block-size-background=1048576"
    "memorysetup-job-temp-allocator-reduction-small-platforms=262144"
    "memorysetup-temp-allocator-size-background-worker=32768"
    "memorysetup-temp-allocator-size-job-worker=262144"
    "memorysetup-temp-allocator-size-preload-manager=33554432"
    "memorysetup-temp-allocator-size-nav-mesh-worker=65536"
    "memorysetup-temp-allocator-size-audio-worker=65536"
    "memorysetup-temp-allocator-size-cloud-worker=32768"
    "memorysetup-temp-allocator-size-gi-baking-worker=262144"
    "memorysetup-temp-allocator-size-gfx=262144"
Refreshing native plugins compatible for Editor in 57.94 ms, found 2 plugins.
Preloading 0 native plugins for Editor in 0.00 ms.
Initialize engine version: 2021.3.0f1 (6eacc8284459)
[Subsystems] Discovering subsystems at path C:/Program Files/Unity/Hub/Editor/2021.3.0f1/Editor/Data/Resources/UnitySubsystems
[Subsystems] Discovering subsystems at path D:/UnityProject/PG_1/Assets
GfxDevice: creating device client; threaded=0; jobified=0
Direct3D:
    Version:  Direct3D 11.0 [level 11.1]
    Renderer: NVIDIA GeForce RTX 2060 (ID=0x1f15)
    Vendor:   NVIDIA
    VRAM:     5980 MB
    Driver:   31.0.15.1700
Initialize mono
Mono path[0] = 'C:/Program Files/Unity/Hub/Editor/2021.3.0f1/Editor/Data/Managed'
Mono path[1] = 'C:/Program Files/Unity/Hub/Editor/2021.3.0f1/Editor/Data/MonoBleedingEdge/lib/mono/unityjit-win32'
Mono config path = 'C:/Program Files/Unity/Hub/Editor/2021.3.0f1/Editor/Data/MonoBleedingEdge/etc'
Using monoOptions --debugger-agent=transport=dt_socket,embedding=1,server=y,suspend=n,address=127.0.0.1:56380
Begin MonoManager ReloadAssembly
Registering precompiled unity dll's ...
Register platform support module: C:/Program Files/Unity/Hub/Editor/2021.3.0f1/Editor/Data/PlaybackEngines/AndroidPlayer/UnityEditor.Android.Extensions.dll
Register platform support module: C:/Program Files/Unity/Hub/Editor/2021.3.0f1/Editor/Data/PlaybackEngines/WindowsStandaloneSupport/UnityEditor.WindowsStandalone.Extensions.dll
Registered in 0.013966 seconds.
Native extension for WindowsStandalone target not found
Native extension for Android target not found
Refreshing native plugins compatible for Editor in 44.80 ms, found 2 plugins.
Preloading 0 native plugins for Editor in 0.00 ms.
Mono: successfully reloaded assembly
- Completed reload, in  1.024 seconds
Domain Reload Profiling:
	ReloadAssembly (1025ms)
		BeginReloadAssembly (116ms)
			ExecutionOrderSort (0ms)
			DisableScriptedObjects (0ms)
			BackupInstance (0ms)
			ReleaseScriptingObjects (0ms)
			CreateAndSetChildDomain (1ms)
		EndReloadAssembly (709ms)
			LoadAssemblies (113ms)
			RebuildTransferFunctionScriptingTraits (0ms)
			SetupTypeCache (195ms)
			ReleaseScriptCaches (0ms)
			RebuildScriptCaches (44ms)
			SetupLoadedEditorAssemblies (389ms)
				LogAssemblyErrors (0ms)
				InitializePlatformSupportModulesInManaged (109ms)
				SetLoadedEditorAssemblies (0ms)
				RefreshPlugins (45ms)
				BeforeProcessingInitializeOnLoad (2ms)
				ProcessInitializeOnLoadAttributes (161ms)
				ProcessInitializeOnLoadMethodAttributes (71ms)
				AfterProcessingInitializeOnLoad (0ms)
				EditorAssembliesLoaded (0ms)
			ExecutionOrderSort2 (0ms)
			AwakeInstancesAfterBackupRestoration (0ms)
Platform modules already initialized, skipping
Registering precompiled user dll's ...
Registered in 0.002378 seconds.
Begin MonoManager ReloadAssembly
Symbol file LoadedFromMemory is not a mono symbol file
Native extension for WindowsStandalone target not found
Native extension for Android target not found
Refreshing native plugins compatible for Editor in 0.45 ms, found 2 plugins.
Preloading 0 native plugins for Editor in 0.00 ms.
Mono: successfully reloaded assembly
- Completed reload, in  8.443 seconds
Domain Reload Profiling:
	ReloadAssembly (8444ms)
		BeginReloadAssembly (288ms)
			ExecutionOrderSort (0ms)
			DisableScriptedObjects (9ms)
			BackupInstance (0ms)
			ReleaseScriptingObjects (0ms)
			CreateAndSetChildDomain (144ms)
		EndReloadAssembly (7729ms)
			LoadAssemblies (4571ms)
			RebuildTransferFunctionScriptingTraits (0ms)
			SetupTypeCache (942ms)
			ReleaseScriptCaches (1ms)
			RebuildScriptCaches (70ms)
			SetupLoadedEditorAssemblies (2084ms)
				LogAssemblyErrors (0ms)
				InitializePlatformSupportModulesInManaged (27ms)
				SetLoadedEditorAssemblies (1ms)
				RefreshPlugins (1ms)
				BeforeProcessingInitializeOnLoad (83ms)
				ProcessInitializeOnLoadAttributes (450ms)
				ProcessInitializeOnLoadMethodAttributes (1507ms)
				AfterProcessingInitializeOnLoad (17ms)
				EditorAssembliesLoaded (0ms)
			ExecutionOrderSort2 (0ms)
			AwakeInstancesAfterBackupRestoration (10ms)
Platform modules already initialized, skipping
========================================================================
Worker process is ready to serve import requests
Launched and connected shader compiler UnityShaderCompiler.exe after 0.07 seconds
Refreshing native plugins compatible for Editor in 0.45 ms, found 2 plugins.
Preloading 0 native plugins for Editor in 0.00 ms.
Unloading 1755 Unused Serialized files (Serialized files now loaded: 0)
Unloading 27 unused Assets / (1.3 MB). Loaded Objects now: 2249.
Memory consumption went from 105.6 MB to 104.3 MB.
Total: 3.958400 ms (FindLiveObjects: 0.259400 ms CreateObjectMapping: 0.151000 ms MarkObjects: 3.271100 ms  DeleteObjects: 0.275200 ms)

AssetImportParameters requested are different than current active one (requested -> active):
  custom:video-decoder-ogg-theora: a1e56fd34408186e4bbccfd4996cb3dc -> 
  custom:container-muxer-webm: aa71ff27fc2769a1b78a27578f13a17b -> 
  custom:container-demuxer-webm: 4f35f7cbe854078d1ac9338744f61a02 -> 
  custom:video-encoder-webm-vp8: eb34c28f22e8b96e1ab97ce403110664 -> 
  custom:video-codec-MediaFoundation-h265: 746d11721c4dcdbdad8f713fa42b33f4 -> 
  custom:audio-encoder-webm-vorbis: bf7c407c2cedff20999df2af8eb42d56 -> 
  custom:framework-win-MediaFoundation: 216162199b28c13a410421893ffa2e32 -> 
  custom:container-demuxer-ogg: 62fdf1f143b41e24485cea50d1cbac27 -> 
  custom:video-decoder-webm-vp8: 9c59270c3fd7afecdb556c50c9e8de78 -> 
  custom:audio-decoder-ogg-vorbis: bf7c407c2cedff20999df2af8eb42d56 -> 
========================================================================
Received Import Request.
  Time since last request: 656334.652261 seconds.
  path: Assets/Models/Enviorment/Landscape/Landscape_1.fbx
  artifactKey: Guid(a71d7c9a01015d84b9d4ca9c734c593a) Importer(815301076,1909f56bfc062723c751e8b465ee728b)
Start importing Assets/Models/Enviorment/Landscape/Landscape_1.fbx using Guid(a71d7c9a01015d84b9d4ca9c734c593a) Importer(815301076,1909f56bfc062723c751e8b465ee728b)  -> (artifact id: 'c73799946a96d7030425708e448eed71') in 0.360497 seconds 
========================================================================
Received Import Request.
  Time since last request: 1971.037932 seconds.
  path: Assets/Scripts/Procedural Generation/MountainGenerator.cs
  artifactKey: Guid(41dcd1a599913a34689c7f00663ce7b1) Importer(815301076,1909f56bfc062723c751e8b465ee728b)
Start importing Assets/Scripts/Procedural Generation/MountainGenerator.cs using Guid(41dcd1a599913a34689c7f00663ce7b1) Importer(815301076,1909f56bfc062723c751e8b465ee728b)  -> (artifact id: '88cb95acecefe0e76362c499a7b8162f') in 0.012000 seconds 
========================================================================
Received Import Request.
  Time since last request: 2.431656 seconds.
  path: Assets/Scripts/Procedural Generation/ObstacleSpawner.cs
  artifactKey: Guid(30aca25f3f7a4e443a4dc71a25774540) Importer(815301076,1909f56bfc062723c751e8b465ee728b)
Start importing Assets/Scripts/Procedural Generation/ObstacleSpawner.cs using Guid(30aca25f3f7a4e443a4dc71a25774540) Importer(815301076,1909f56bfc062723c751e8b465ee728b)  -> (artifact id: '11f58f5937ea89b1953f9e993e7b97c1') in 0.006647 seconds 
========================================================================
Received Import Request.
  Time since last request: 19.192608 seconds.
  path: Assets/Scripts/Procedural Generation/Spawner
  artifactKey: Guid(25b3054f62a5d534c935276272a27aee) Importer(815301076,1909f56bfc062723c751e8b465ee728b)
Start importing Assets/Scripts/Procedural Generation/Spawner using Guid(25b3054f62a5d534c935276272a27aee) Importer(815301076,1909f56bfc062723c751e8b465ee728b)  -> (artifact id: '52839f64fa93a91e569b6c3d4d04dbe6') in 0.008496 seconds 
========================================================================
Received Prepare
Registering precompiled user dll's ...
Registered in 0.002258 seconds.
Begin MonoManager ReloadAssembly
Symbol file LoadedFromMemory is not a mono symbol file
Native extension for WindowsStandalone target not found
Native extension for Android target not found
Refreshing native plugins compatible for Editor in 0.80 ms, found 2 plugins.
Preloading 0 native plugins for Editor in 0.00 ms.
Mono: successfully reloaded assembly
- Completed reload, in  1.389 seconds
Domain Reload Profiling:
	ReloadAssembly (1390ms)
		BeginReloadAssembly (216ms)
			ExecutionOrderSort (0ms)
			DisableScriptedObjects (12ms)
			BackupInstance (0ms)
			ReleaseScriptingObjects (0ms)
			CreateAndSetChildDomain (49ms)
		EndReloadAssembly (1019ms)
			LoadAssemblies (148ms)
			RebuildTransferFunctionScriptingTraits (0ms)
			SetupTypeCache (268ms)
			ReleaseScriptCaches (2ms)
			RebuildScriptCaches (70ms)
			SetupLoadedEditorAssemblies (496ms)
				LogAssemblyErrors (0ms)
				InitializePlatformSupportModulesInManaged (40ms)
				SetLoadedEditorAssemblies (1ms)
				RefreshPlugins (1ms)
				BeforeProcessingInitializeOnLoad (86ms)
				ProcessInitializeOnLoadAttributes (318ms)
				ProcessInitializeOnLoadMethodAttributes (36ms)
				AfterProcessingInitializeOnLoad (14ms)
				EditorAssembliesLoaded (0ms)
			ExecutionOrderSort2 (0ms)
			AwakeInstancesAfterBackupRestoration (8ms)
Platform modules already initialized, skipping
Refreshing native plugins compatible for Editor in 1.20 ms, found 2 plugins.
Preloading 0 native plugins for Editor in 0.00 ms.
Unloading 1706 Unused Serialized files (Serialized files now loaded: 0)
Unloading 21 unused Assets / (1.3 MB). Loaded Objects now: 2294.
Memory consumption went from 105.4 MB to 104.1 MB.
Total: 4.053900 ms (FindLiveObjects: 0.248300 ms CreateObjectMapping: 0.128500 ms MarkObjects: 3.418700 ms  DeleteObjects: 0.256300 ms)

AssetImportParameters requested are different than current active one (requested -> active):
  custom:video-decoder-ogg-theora: a1e56fd34408186e4bbccfd4996cb3dc -> 
  custom:container-muxer-webm: aa71ff27fc2769a1b78a27578f13a17b -> 
  custom:container-demuxer-webm: 4f35f7cbe854078d1ac9338744f61a02 -> 
  custom:video-encoder-webm-vp8: eb34c28f22e8b96e1ab97ce403110664 -> 
  custom:video-codec-MediaFoundation-h265: 746d11721c4dcdbdad8f713fa42b33f4 -> 
  custom:audio-encoder-webm-vorbis: bf7c407c2cedff20999df2af8eb42d56 -> 
  custom:framework-win-MediaFoundation: 216162199b28c13a410421893ffa2e32 -> 
  custom:container-demuxer-ogg: 62fdf1f143b41e24485cea50d1cbac27 -> 
  custom:video-decoder-webm-vp8: 9c59270c3fd7afecdb556c50c9e8de78 -> 
  custom:audio-decoder-ogg-vorbis: bf7c407c2cedff20999df2af8eb42d56 -> 
========================================================================
Received Import Request.
  Time since last request: 367.140749 seconds.
  path: Assets/Prefabs/MountainRange.prefab
  artifactKey: Guid(517839d7a2ea44a4aacf072b211fb713) Importer(815301076,1909f56bfc062723c751e8b465ee728b)
Start importing Assets/Prefabs/MountainRange.prefab using Guid(517839d7a2ea44a4aacf072b211fb713) Importer(815301076,1909f56bfc062723c751e8b465ee728b)  -> (artifact id: '121394bff6025e985b8610b18769a98e') in 0.062860 seconds 
========================================================================
Received Import Request.
  Time since last request: 0.727614 seconds.
  path: Assets/Prefabs/Enviorment/MountainRange Variant.prefab
  artifactKey: Guid(420b38a8e165b8c48aa02baf978b0e4f) Importer(815301076,1909f56bfc062723c751e8b465ee728b)
Start importing Assets/Prefabs/Enviorment/MountainRange Variant.prefab using Guid(420b38a8e165b8c48aa02baf978b0e4f) Importer(815301076,1909f56bfc062723c751e8b465ee728b)  -> (artifact id: '6c70390e05e465938856d829e2dac74c') in 0.009844 seconds 
========================================================================
Received Import Request.
  Time since last request: 4.797613 seconds.
  path: Assets/Prefabs/Enviorment/Landscape_1.prefab
  artifactKey: Guid(5d3fccab84706214e82254d374da3d4c) Importer(815301076,1909f56bfc062723c751e8b465ee728b)
Start importing Assets/Prefabs/Enviorment/Landscape_1.prefab using Guid(5d3fccab84706214e82254d374da3d4c) Importer(815301076,1909f56bfc062723c751e8b465ee728b)  -> (artifact id: '9aa0ee51c10ea3c0e2d551886eb7753c') in 0.096126 seconds 
========================================================================
Received Import Request.
  Time since last request: 135.784430 seconds.
  path: Assets/Prefabs/Enviorment/Landscape_2.prefab
  artifactKey: Guid(ee575230c65128d46b0a226cf4298833) Importer(815301076,1909f56bfc062723c751e8b465ee728b)
Start importing Assets/Prefabs/Enviorment/Landscape_2.prefab using Guid(ee575230c65128d46b0a226cf4298833) Importer(815301076,1909f56bfc062723c751e8b465ee728b)  -> (artifact id: '63b3a9b3b21d01f8daf0c9024e4833e2') in 0.016692 seconds 
========================================================================
Received Prepare
Registering precompiled user dll's ...
Registered in 0.003214 seconds.
Begin MonoManager ReloadAssembly
Symbol file LoadedFromMemory is not a mono symbol file
Native extension for WindowsStandalone target not found
Native extension for Android target not found
Refreshing native plugins compatible for Editor in 0.46 ms, found 2 plugins.
Preloading 0 native plugins for Editor in 0.00 ms.
Mono: successfully reloaded assembly
- Completed reload, in  1.486 seconds
Domain Reload Profiling:
	ReloadAssembly (1487ms)
		BeginReloadAssembly (251ms)
			ExecutionOrderSort (0ms)
			DisableScriptedObjects (16ms)
			BackupInstance (0ms)
			ReleaseScriptingObjects (0ms)
			CreateAndSetChildDomain (60ms)
		EndReloadAssembly (1057ms)
			LoadAssemblies (160ms)
			RebuildTransferFunctionScriptingTraits (0ms)
			SetupTypeCache (298ms)
			ReleaseScriptCaches (1ms)
			RebuildScriptCaches (68ms)
			SetupLoadedEditorAssemblies (500ms)
				LogAssemblyErrors (0ms)
				InitializePlatformSupportModulesInManaged (43ms)
				SetLoadedEditorAssemblies (1ms)
				RefreshPlugins (1ms)
				BeforeProcessingInitializeOnLoad (89ms)
				ProcessInitializeOnLoadAttributes (310ms)
				ProcessInitializeOnLoadMethodAttributes (40ms)
				AfterProcessingInitializeOnLoad (16ms)
				EditorAssembliesLoaded (0ms)
			ExecutionOrderSort2 (0ms)
			AwakeInstancesAfterBackupRestoration (9ms)
Platform modules already initialized, skipping
Refreshing native plugins compatible for Editor in 1.19 ms, found 2 plugins.
Preloading 0 native plugins for Editor in 0.00 ms.
Unloading 1707 Unused Serialized files (Serialized files now loaded: 0)
Unloading 21 unused Assets / (1.3 MB). Loaded Objects now: 2299.
Memory consumption went from 105.5 MB to 104.2 MB.
Total: 3.437100 ms (FindLiveObjects: 0.192700 ms CreateObjectMapping: 0.080800 ms MarkObjects: 2.924800 ms  DeleteObjects: 0.236800 ms)

AssetImportParameters requested are different than current active one (requested -> active):
  custom:video-decoder-ogg-theora: a1e56fd34408186e4bbccfd4996cb3dc -> 
  custom:container-muxer-webm: aa71ff27fc2769a1b78a27578f13a17b -> 
  custom:container-demuxer-webm: 4f35f7cbe854078d1ac9338744f61a02 -> 
  custom:video-encoder-webm-vp8: eb34c28f22e8b96e1ab97ce403110664 -> 
  custom:video-codec-MediaFoundation-h265: 746d11721c4dcdbdad8f713fa42b33f4 -> 
  custom:audio-encoder-webm-vorbis: bf7c407c2cedff20999df2af8eb42d56 -> 
  custom:framework-win-MediaFoundation: 216162199b28c13a410421893ffa2e32 -> 
  custom:container-demuxer-ogg: 62fdf1f143b41e24485cea50d1cbac27 -> 
  custom:video-decoder-webm-vp8: 9c59270c3fd7afecdb556c50c9e8de78 -> 
  custom:audio-decoder-ogg-vorbis: bf7c407c2cedff20999df2af8eb42d56 -> 
========================================================================
Received Import Request.
  Time since last request: 146.190830 seconds.
  path: Assets/Scripts/Procedural Generation/Spawner/Spawner_obstacle.cs
  artifactKey: Guid(ea45d1cb4ca9db74b88a6e9cbe87046a) Importer(815301076,1909f56bfc062723c751e8b465ee728b)
Start importing Assets/Scripts/Procedural Generation/Spawner/Spawner_obstacle.cs using Guid(ea45d1cb4ca9db74b88a6e9cbe87046a) Importer(815301076,1909f56bfc062723c751e8b465ee728b)  -> (artifact id: 'd45e9719db1c87bf03aed6f192762889') in 0.010229 seconds 
========================================================================
Received Import Request.
  Time since last request: 0.645934 seconds.
  path: Assets/Scripts/Procedural Generation/Spawner/Spawner_environment.cs
  artifactKey: Guid(84d857e1608e0ed43ae447c59e2bc567) Importer(815301076,1909f56bfc062723c751e8b465ee728b)
Start importing Assets/Scripts/Procedural Generation/Spawner/Spawner_environment.cs using Guid(84d857e1608e0ed43ae447c59e2bc567) Importer(815301076,1909f56bfc062723c751e8b465ee728b)  -> (artifact id: '061f0ccbe84a5cdf3877a032c68b01e6') in 0.007586 seconds 
========================================================================
Received Import Request.
  Time since last request: 40.830353 seconds.
  path: Assets/Scripts/Procedural Generation/Spawner/Spawner_environment.cs
  artifactKey: Guid(84d857e1608e0ed43ae447c59e2bc567) Importer(815301076,1909f56bfc062723c751e8b465ee728b)
Start importing Assets/Scripts/Procedural Generation/Spawner/Spawner_environment.cs using Guid(84d857e1608e0ed43ae447c59e2bc567) Importer(815301076,1909f56bfc062723c751e8b465ee728b)  -> (artifact id: '31e29db28883cc630d85377211e78e83') in 0.002364 seconds 
========================================================================
Received Import Request.
  Time since last request: 14.923495 seconds.
  path: Assets/Scripts/Procedural Generation/Spawner/Spawner_environment.cs
  artifactKey: Guid(84d857e1608e0ed43ae447c59e2bc567) Importer(815301076,1909f56bfc062723c751e8b465ee728b)
Start importing Assets/Scripts/Procedural Generation/Spawner/Spawner_environment.cs using Guid(84d857e1608e0ed43ae447c59e2bc567) Importer(815301076,1909f56bfc062723c751e8b465ee728b)  -> (artifact id: 'cc9064d302f5d4c84a6d4c42a096ecce') in 0.002838 seconds 
========================================================================
Received Import Request.
  Time since last request: 82.446417 seconds.
  path: Assets/Scripts/Procedural Generation/Spawner/Spawner_environment.cs
  artifactKey: Guid(84d857e1608e0ed43ae447c59e2bc567) Importer(815301076,1909f56bfc062723c751e8b465ee728b)
Start importing Assets/Scripts/Procedural Generation/Spawner/Spawner_environment.cs using Guid(84d857e1608e0ed43ae447c59e2bc567) Importer(815301076,1909f56bfc062723c751e8b465ee728b)  -> (artifact id: 'd4165b28bdbc91e4699bb238c7740046') in 0.002951 seconds 
========================================================================
Received Import Request.
  Time since last request: 990.031070 seconds.
  path: Assets/Scripts/Procedural Generation/Spawner/Spawner_environment.cs
  artifactKey: Guid(84d857e1608e0ed43ae447c59e2bc567) Importer(815301076,1909f56bfc062723c751e8b465ee728b)
Start importing Assets/Scripts/Procedural Generation/Spawner/Spawner_environment.cs using Guid(84d857e1608e0ed43ae447c59e2bc567) Importer(815301076,1909f56bfc062723c751e8b465ee728b)  -> (artifact id: '7d30ad253d9ef723a8be7a6b0116a1d9') in 0.002849 seconds 
========================================================================
Received Import Request.
  Time since last request: 2.109899 seconds.
  path: Assets/Scripts/Procedural Generation/Spawner/Spawner_environment.cs
  artifactKey: Guid(84d857e1608e0ed43ae447c59e2bc567) Importer(815301076,1909f56bfc062723c751e8b465ee728b)
Start importing Assets/Scripts/Procedural Generation/Spawner/Spawner_environment.cs using Guid(84d857e1608e0ed43ae447c59e2bc567) Importer(815301076,1909f56bfc062723c751e8b465ee728b)  -> (artifact id: 'f4526ff16ca4fe54e4a3184bf8c04644') in 0.002782 seconds 
========================================================================
Received Import Request.
  Time since last request: 3.447490 seconds.
  path: Assets/Scripts/Procedural Generation/Spawner/Spawner_environment.cs
  artifactKey: Guid(84d857e1608e0ed43ae447c59e2bc567) Importer(815301076,1909f56bfc062723c751e8b465ee728b)
Start importing Assets/Scripts/Procedural Generation/Spawner/Spawner_environment.cs using Guid(84d857e1608e0ed43ae447c59e2bc567) Importer(815301076,1909f56bfc062723c751e8b465ee728b)  -> (artifact id: '5d4a03501839cfe577849cbb717dda0e') in 0.002777 seconds 
========================================================================
Received Import Request.
  Time since last request: 230.068974 seconds.
  path: Assets/Scripts/Procedural Generation/Spawner/Spawner_environment.cs
  artifactKey: Guid(84d857e1608e0ed43ae447c59e2bc567) Importer(815301076,1909f56bfc062723c751e8b465ee728b)
Start importing Assets/Scripts/Procedural Generation/Spawner/Spawner_environment.cs using Guid(84d857e1608e0ed43ae447c59e2bc567) Importer(815301076,1909f56bfc062723c751e8b465ee728b)  -> (artifact id: 'b8451fa9e9ee7b0ed61e6e7434a12752') in 0.002889 seconds 
========================================================================
Received Import Request.
  Time since last request: 93.631787 seconds.
  path: Assets/Scripts/Procedural Generation/Spawner/Spawner_environment.cs
  artifactKey: Guid(84d857e1608e0ed43ae447c59e2bc567) Importer(815301076,1909f56bfc062723c751e8b465ee728b)
Start importing Assets/Scripts/Procedural Generation/Spawner/Spawner_environment.cs using Guid(84d857e1608e0ed43ae447c59e2bc567) Importer(815301076,1909f56bfc062723c751e8b465ee728b)  -> (artifact id: 'b007d7f62a20952258b5851d84af5387') in 0.003068 seconds 
========================================================================
Received Import Request.
  Time since last request: 5.489040 seconds.
  path: Assets/Scripts/Procedural Generation/Spawner/Spawner_environment.cs
  artifactKey: Guid(84d857e1608e0ed43ae447c59e2bc567) Importer(815301076,1909f56bfc062723c751e8b465ee728b)
Start importing Assets/Scripts/Procedural Generation/Spawner/Spawner_environment.cs using Guid(84d857e1608e0ed43ae447c59e2bc567) Importer(815301076,1909f56bfc062723c751e8b465ee728b)  -> (artifact id: 'a09f27ffd48939f4b64779b68fe2eb2e') in 0.008060 seconds 
========================================================================
Received Import Request.
  Time since last request: 6.603472 seconds.
  path: Assets/Scripts/Procedural Generation/Spawner/Spawner_environment.cs
  artifactKey: Guid(84d857e1608e0ed43ae447c59e2bc567) Importer(815301076,1909f56bfc062723c751e8b465ee728b)
Start importing Assets/Scripts/Procedural Generation/Spawner/Spawner_environment.cs using Guid(84d857e1608e0ed43ae447c59e2bc567) Importer(815301076,1909f56bfc062723c751e8b465ee728b)  -> (artifact id: 'e568c7298e14b81245f8e6528dc9175c') in 0.002564 seconds 
========================================================================
Received Import Request.
  Time since last request: 12.994014 seconds.
  path: Assets/Scripts/Procedural Generation/Spawner/Spawner_environment.cs
  artifactKey: Guid(84d857e1608e0ed43ae447c59e2bc567) Importer(815301076,1909f56bfc062723c751e8b465ee728b)
Start importing Assets/Scripts/Procedural Generation/Spawner/Spawner_environment.cs using Guid(84d857e1608e0ed43ae447c59e2bc567) Importer(815301076,1909f56bfc062723c751e8b465ee728b)  -> (artifact id: '533640eac4e54a7362a0b10fe9c0af09') in 0.007846 seconds 
========================================================================
Received Import Request.
  Time since last request: 9.944178 seconds.
  path: Assets/Scripts/Procedural Generation/Spawner/Spawner_environment.cs
  artifactKey: Guid(84d857e1608e0ed43ae447c59e2bc567) Importer(815301076,1909f56bfc062723c751e8b465ee728b)
Start importing Assets/Scripts/Procedural Generation/Spawner/Spawner_environment.cs using Guid(84d857e1608e0ed43ae447c59e2bc567) Importer(815301076,1909f56bfc062723c751e8b465ee728b)  -> (artifact id: 'cb07efa2b5a6f8eff8117ec7b69a1642') in 0.002514 seconds 
========================================================================
Received Import Request.
  Time since last request: 23.690992 seconds.
  path: Assets/Scripts/Procedural Generation/Spawner/Spawner_environment.cs
  artifactKey: Guid(84d857e1608e0ed43ae447c59e2bc567) Importer(815301076,1909f56bfc062723c751e8b465ee728b)
Start importing Assets/Scripts/Procedural Generation/Spawner/Spawner_environment.cs using Guid(84d857e1608e0ed43ae447c59e2bc567) Importer(815301076,1909f56bfc062723c751e8b465ee728b)  -> (artifact id: '1c83a9a907bf3a40bc3dc946493f5ba1') in 0.002493 seconds 
========================================================================
Received Import Request.
  Time since last request: 19.045119 seconds.
  path: Assets/Scripts/Procedural Generation/Spawner/Spawner_environment.cs
  artifactKey: Guid(84d857e1608e0ed43ae447c59e2bc567) Importer(815301076,1909f56bfc062723c751e8b465ee728b)
Start importing Assets/Scripts/Procedural Generation/Spawner/Spawner_environment.cs using Guid(84d857e1608e0ed43ae447c59e2bc567) Importer(815301076,1909f56bfc062723c751e8b465ee728b)  -> (artifact id: '677518144002ee50a88576103b58d780') in 0.002170 seconds 
========================================================================
Received Import Request.
  Time since last request: 7.148578 seconds.
  path: Assets/Scripts/Procedural Generation/Spawner/Spawner_environment.cs
  artifactKey: Guid(84d857e1608e0ed43ae447c59e2bc567) Importer(815301076,1909f56bfc062723c751e8b465ee728b)
Start importing Assets/Scripts/Procedural Generation/Spawner/Spawner_environment.cs using Guid(84d857e1608e0ed43ae447c59e2bc567) Importer(815301076,1909f56bfc062723c751e8b465ee728b)  -> (artifact id: '0e65f8e27cc0d6cdb74e7b78743932d0') in 0.002518 seconds 
========================================================================
Received Import Request.
  Time since last request: 17.945529 seconds.
  path: Assets/Scripts/Procedural Generation/Spawner/Spawner_environment.cs
  artifactKey: Guid(84d857e1608e0ed43ae447c59e2bc567) Importer(815301076,1909f56bfc062723c751e8b465ee728b)
Start importing Assets/Scripts/Procedural Generation/Spawner/Spawner_environment.cs using Guid(84d857e1608e0ed43ae447c59e2bc567) Importer(815301076,1909f56bfc062723c751e8b465ee728b)  -> (artifact id: '46359331549d33febed3a96466db4fcc') in 0.003048 seconds 
========================================================================
Received Import Request.
  Time since last request: 3.434872 seconds.
  path: Assets/Scripts/Procedural Generation/Spawner/Spawner_environment.cs
  artifactKey: Guid(84d857e1608e0ed43ae447c59e2bc567) Importer(815301076,1909f56bfc062723c751e8b465ee728b)
Start importing Assets/Scripts/Procedural Generation/Spawner/Spawner_environment.cs using Guid(84d857e1608e0ed43ae447c59e2bc567) Importer(815301076,1909f56bfc062723c751e8b465ee728b)  -> (artifact id: '704559966b500eaff882986458006b89') in 0.002841 seconds 
========================================================================
Received Import Request.
  Time since last request: 15.410983 seconds.
  path: Assets/Scripts/Procedural Generation/Spawner/Spawner_environment.cs
  artifactKey: Guid(84d857e1608e0ed43ae447c59e2bc567) Importer(815301076,1909f56bfc062723c751e8b465ee728b)
Start importing Assets/Scripts/Procedural Generation/Spawner/Spawner_environment.cs using Guid(84d857e1608e0ed43ae447c59e2bc567) Importer(815301076,1909f56bfc062723c751e8b465ee728b)  -> (artifact id: 'baf0be166515a88dd04f2e55f7bf17f7') in 0.003355 seconds 
========================================================================
Received Import Request.
  Time since last request: 277.521123 seconds.
  path: Assets/Scripts/Procedural Generation/Spawner/Spawner_environment.cs
  artifactKey: Guid(84d857e1608e0ed43ae447c59e2bc567) Importer(815301076,1909f56bfc062723c751e8b465ee728b)
Start importing Assets/Scripts/Procedural Generation/Spawner/Spawner_environment.cs using Guid(84d857e1608e0ed43ae447c59e2bc567) Importer(815301076,1909f56bfc062723c751e8b465ee728b)  -> (artifact id: 'fc15a0ec38e19d4d2caa15eb1bf0a746') in 0.002815 seconds 
========================================================================
Received Prepare
Registering precompiled user dll's ...
Registered in 0.002677 seconds.
Begin MonoManager ReloadAssembly
Symbol file LoadedFromMemory is not a mono symbol file
Native extension for WindowsStandalone target not found
Native extension for Android target not found
Refreshing native plugins compatible for Editor in 0.48 ms, found 2 plugins.
Preloading 0 native plugins for Editor in 0.00 ms.
Mono: successfully reloaded assembly
- Completed reload, in  1.365 seconds
Domain Reload Profiling:
	ReloadAssembly (1366ms)
		BeginReloadAssembly (194ms)
			ExecutionOrderSort (0ms)
			DisableScriptedObjects (10ms)
			BackupInstance (0ms)
			ReleaseScriptingObjects (0ms)
			CreateAndSetChildDomain (46ms)
		EndReloadAssembly (1023ms)
			LoadAssemblies (124ms)
			RebuildTransferFunctionScriptingTraits (0ms)
			SetupTypeCache (272ms)
			ReleaseScriptCaches (2ms)
			RebuildScriptCaches (78ms)
			SetupLoadedEditorAssemblies (482ms)
				LogAssemblyErrors (0ms)
				InitializePlatformSupportModulesInManaged (37ms)
				SetLoadedEditorAssemblies (1ms)
				RefreshPlugins (1ms)
				BeforeProcessingInitializeOnLoad (80ms)
				ProcessInitializeOnLoadAttributes (313ms)
				ProcessInitializeOnLoadMethodAttributes (36ms)
				AfterProcessingInitializeOnLoad (15ms)
				EditorAssembliesLoaded (0ms)
			ExecutionOrderSort2 (0ms)
			AwakeInstancesAfterBackupRestoration (8ms)
Platform modules already initialized, skipping
Refreshing native plugins compatible for Editor in 1.16 ms, found 2 plugins.
Preloading 0 native plugins for Editor in 0.00 ms.
Unloading 1707 Unused Serialized files (Serialized files now loaded: 0)
Unloading 21 unused Assets / (1.3 MB). Loaded Objects now: 2302.
Memory consumption went from 105.5 MB to 104.2 MB.
Total: 3.725000 ms (FindLiveObjects: 0.203300 ms CreateObjectMapping: 0.084100 ms MarkObjects: 3.179900 ms  DeleteObjects: 0.255600 ms)

AssetImportParameters requested are different than current active one (requested -> active):
  custom:video-decoder-ogg-theora: a1e56fd34408186e4bbccfd4996cb3dc -> 
  custom:container-muxer-webm: aa71ff27fc2769a1b78a27578f13a17b -> 
  custom:container-demuxer-webm: 4f35f7cbe854078d1ac9338744f61a02 -> 
  custom:video-encoder-webm-vp8: eb34c28f22e8b96e1ab97ce403110664 -> 
  custom:video-codec-MediaFoundation-h265: 746d11721c4dcdbdad8f713fa42b33f4 -> 
  custom:audio-encoder-webm-vorbis: bf7c407c2cedff20999df2af8eb42d56 -> 
  custom:framework-win-MediaFoundation: 216162199b28c13a410421893ffa2e32 -> 
  custom:container-demuxer-ogg: 62fdf1f143b41e24485cea50d1cbac27 -> 
  custom:video-decoder-webm-vp8: 9c59270c3fd7afecdb556c50c9e8de78 -> 
  custom:audio-decoder-ogg-vorbis: bf7c407c2cedff20999df2af8eb42d56 -> 
========================================================================
Received Import Request.
  Time since last request: 59.828038 seconds.
  path: Assets/Scripts/Procedural Generation/Spawner/Spawner_environment.cs
  artifactKey: Guid(84d857e1608e0ed43ae447c59e2bc567) Importer(815301076,1909f56bfc062723c751e8b465ee728b)
Start importing Assets/Scripts/Procedural Generation/Spawner/Spawner_environment.cs using Guid(84d857e1608e0ed43ae447c59e2bc567) Importer(815301076,1909f56bfc062723c751e8b465ee728b)  -> (artifact id: '81d59a0640d305dda78ff7d85ab5998b') in 0.006376 seconds 
========================================================================
Received Prepare
Registering precompiled user dll's ...
Registered in 0.003567 seconds.
Begin MonoManager ReloadAssembly
Symbol file LoadedFromMemory is not a mono symbol file
Native extension for WindowsStandalone target not found
Native extension for Android target not found
Refreshing native plugins compatible for Editor in 0.48 ms, found 2 plugins.
Preloading 0 native plugins for Editor in 0.00 ms.
Mono: successfully reloaded assembly
- Completed reload, in  1.330 seconds
Domain Reload Profiling:
	ReloadAssembly (1331ms)
		BeginReloadAssembly (190ms)
			ExecutionOrderSort (0ms)
			DisableScriptedObjects (10ms)
			BackupInstance (0ms)
			ReleaseScriptingObjects (0ms)
			CreateAndSetChildDomain (41ms)
		EndReloadAssembly (988ms)
			LoadAssemblies (128ms)
			RebuildTransferFunctionScriptingTraits (0ms)
			SetupTypeCache (267ms)
			ReleaseScriptCaches (1ms)
			RebuildScriptCaches (70ms)
			SetupLoadedEditorAssemblies (477ms)
				LogAssemblyErrors (0ms)
				InitializePlatformSupportModulesInManaged (36ms)
				SetLoadedEditorAssemblies (1ms)
				RefreshPlugins (1ms)
				BeforeProcessingInitializeOnLoad (84ms)
				ProcessInitializeOnLoadAttributes (303ms)
				ProcessInitializeOnLoadMethodAttributes (37ms)
				AfterProcessingInitializeOnLoad (15ms)
				EditorAssembliesLoaded (0ms)
			ExecutionOrderSort2 (0ms)
			AwakeInstancesAfterBackupRestoration (8ms)
Platform modules already initialized, skipping
Refreshing native plugins compatible for Editor in 1.16 ms, found 2 plugins.
Preloading 0 native plugins for Editor in 0.00 ms.
Unloading 1707 Unused Serialized files (Serialized files now loaded: 0)
Unloading 21 unused Assets / (1.3 MB). Loaded Objects now: 2305.
Memory consumption went from 105.5 MB to 104.2 MB.
Total: 3.387300 ms (FindLiveObjects: 0.190000 ms CreateObjectMapping: 0.075200 ms MarkObjects: 2.872000 ms  DeleteObjects: 0.248400 ms)

AssetImportParameters requested are different than current active one (requested -> active):
  custom:video-decoder-ogg-theora: a1e56fd34408186e4bbccfd4996cb3dc -> 
  custom:container-muxer-webm: aa71ff27fc2769a1b78a27578f13a17b -> 
  custom:container-demuxer-webm: 4f35f7cbe854078d1ac9338744f61a02 -> 
  custom:video-encoder-webm-vp8: eb34c28f22e8b96e1ab97ce403110664 -> 
  custom:video-codec-MediaFoundation-h265: 746d11721c4dcdbdad8f713fa42b33f4 -> 
  custom:audio-encoder-webm-vorbis: bf7c407c2cedff20999df2af8eb42d56 -> 
  custom:framework-win-MediaFoundation: 216162199b28c13a410421893ffa2e32 -> 
  custom:container-demuxer-ogg: 62fdf1f143b41e24485cea50d1cbac27 -> 
  custom:video-decoder-webm-vp8: 9c59270c3fd7afecdb556c50c9e8de78 -> 
  custom:audio-decoder-ogg-vorbis: bf7c407c2cedff20999df2af8eb42d56 -> 
========================================================================
Received Prepare
Registering precompiled user dll's ...
Registered in 0.002902 seconds.
Begin MonoManager ReloadAssembly
Symbol file LoadedFromMemory is not a mono symbol file
Native extension for WindowsStandalone target not found
Native extension for Android target not found
Refreshing native plugins compatible for Editor in 0.46 ms, found 2 plugins.
Preloading 0 native plugins for Editor in 0.00 ms.
Mono: successfully reloaded assembly
- Completed reload, in  1.374 seconds
Domain Reload Profiling:
	ReloadAssembly (1376ms)
		BeginReloadAssembly (189ms)
			ExecutionOrderSort (0ms)
			DisableScriptedObjects (10ms)
			BackupInstance (0ms)
			ReleaseScriptingObjects (0ms)
			CreateAndSetChildDomain (37ms)
		EndReloadAssembly (1025ms)
			LoadAssemblies (137ms)
			RebuildTransferFunctionScriptingTraits (0ms)
			SetupTypeCache (287ms)
			ReleaseScriptCaches (1ms)
			RebuildScriptCaches (77ms)
			SetupLoadedEditorAssemblies (472ms)
				LogAssemblyErrors (0ms)
				InitializePlatformSupportModulesInManaged (37ms)
				SetLoadedEditorAssemblies (1ms)
				RefreshPlugins (1ms)
				BeforeProcessingInitializeOnLoad (81ms)
				ProcessInitializeOnLoadAttributes (301ms)
				ProcessInitializeOnLoadMethodAttributes (37ms)
				AfterProcessingInitializeOnLoad (14ms)
				EditorAssembliesLoaded (0ms)
			ExecutionOrderSort2 (0ms)
			AwakeInstancesAfterBackupRestoration (11ms)
Platform modules already initialized, skipping
Refreshing native plugins compatible for Editor in 1.19 ms, found 2 plugins.
Preloading 0 native plugins for Editor in 0.00 ms.
Unloading 1707 Unused Serialized files (Serialized files now loaded: 0)
Unloading 21 unused Assets / (1.3 MB). Loaded Objects now: 2308.
Memory consumption went from 105.5 MB to 104.2 MB.
Total: 3.344500 ms (FindLiveObjects: 0.194900 ms CreateObjectMapping: 0.101400 ms MarkObjects: 2.796300 ms  DeleteObjects: 0.250200 ms)

AssetImportParameters requested are different than current active one (requested -> active):
  custom:video-decoder-ogg-theora: a1e56fd34408186e4bbccfd4996cb3dc -> 
  custom:container-muxer-webm: aa71ff27fc2769a1b78a27578f13a17b -> 
  custom:container-demuxer-webm: 4f35f7cbe854078d1ac9338744f61a02 -> 
  custom:video-encoder-webm-vp8: eb34c28f22e8b96e1ab97ce403110664 -> 
  custom:video-codec-MediaFoundation-h265: 746d11721c4dcdbdad8f713fa42b33f4 -> 
  custom:audio-encoder-webm-vorbis: bf7c407c2cedff20999df2af8eb42d56 -> 
  custom:framework-win-MediaFoundation: 216162199b28c13a410421893ffa2e32 -> 
  custom:container-demuxer-ogg: 62fdf1f143b41e24485cea50d1cbac27 -> 
  custom:video-decoder-webm-vp8: 9c59270c3fd7afecdb556c50c9e8de78 -> 
  custom:audio-decoder-ogg-vorbis: bf7c407c2cedff20999df2af8eb42d56 -> 
